This is pdfTeX, Version 3.14159265-2.6-1.40.19 (TeX Live 2018/W32TeX) (preloaded format=pdflatex 2018.5.18)  8 DEC 2018 18:56
entering extended mode
 restricted \write18 enabled.
 %&-line parsing enabled.
**main.tex
(./main.tex
LaTeX2e <2018-04-01> patch level 2
Babel <3.18> and hyphenation patterns for 84 language(s) loaded.
(c:/texlive/2018/texmf-dist/tex/latex/ctex/ctexart.cls
(c:/texlive/2018/texmf-dist/tex/latex/l3kernel/expl3.sty
Package: expl3 2018/03/05 L3 programming layer (loader) 

(c:/texlive/2018/texmf-dist/tex/latex/l3kernel/expl3-code.tex
Package: expl3 2018/03/05 L3 programming layer (code)
\c_max_int=\count80
\l_tmpa_int=\count81
\l_tmpb_int=\count82
\g_tmpa_int=\count83
\g_tmpb_int=\count84
\g__intarray_font_int=\count85
\g__prg_map_int=\count86
\c_log_iow=\count87
\l_iow_line_count_int=\count88
\l__iow_line_target_int=\count89
\l__iow_one_indent_int=\count90
\l__iow_indent_int=\count91
\c_zero_dim=\dimen102
\c_max_dim=\dimen103
\l_tmpa_dim=\dimen104
\l_tmpb_dim=\dimen105
\g_tmpa_dim=\dimen106
\g_tmpb_dim=\dimen107
\c_zero_skip=\skip41
\c_max_skip=\skip42
\l_tmpa_skip=\skip43
\l_tmpb_skip=\skip44
\g_tmpa_skip=\skip45
\g_tmpb_skip=\skip46
\c_zero_muskip=\muskip10
\c_max_muskip=\muskip11
\l_tmpa_muskip=\muskip12
\l_tmpb_muskip=\muskip13
\g_tmpa_muskip=\muskip14
\g_tmpb_muskip=\muskip15
\l_keys_choice_int=\count92
\c__fp_leading_shift_int=\count93
\c__fp_middle_shift_int=\count94
\c__fp_trailing_shift_int=\count95
\c__fp_big_leading_shift_int=\count96
\c__fp_big_middle_shift_int=\count97
\c__fp_big_trailing_shift_int=\count98
\c__fp_Bigg_leading_shift_int=\count99
\c__fp_Bigg_middle_shift_int=\count100
\c__fp_Bigg_trailing_shift_int=\count101
\c__fp_rand_size_int=\count102
\c__fp_rand_four_int=\count103
\c__fp_rand_eight_int=\count104
\l__sort_length_int=\count105
\l__sort_min_int=\count106
\l__sort_top_int=\count107
\l__sort_max_int=\count108
\l__sort_true_max_int=\count109
\l__sort_block_int=\count110
\l__sort_begin_int=\count111
\l__sort_end_int=\count112
\l__sort_A_int=\count113
\l__sort_B_int=\count114
\l__sort_C_int=\count115
\l__tl_build_start_index_int=\count116
\l__tl_build_index_int=\count117
\l__tl_analysis_normal_int=\count118
\l__tl_analysis_index_int=\count119
\l__tl_analysis_nesting_int=\count120
\l__tl_analysis_type_int=\count121
\l__regex_internal_a_int=\count122
\l__regex_internal_b_int=\count123
\l__regex_internal_c_int=\count124
\l__regex_balance_int=\count125
\l__regex_group_level_int=\count126
\l__regex_mode_int=\count127
\c__regex_cs_in_class_mode_int=\count128
\c__regex_cs_mode_int=\count129
\l__regex_catcodes_int=\count130
\l__regex_default_catcodes_int=\count131
\c__regex_catcode_D_int=\count132
\c__regex_catcode_S_int=\count133
\c__regex_catcode_L_int=\count134
\c__regex_catcode_O_int=\count135
\c__regex_catcode_A_int=\count136
\c__regex_all_catcodes_int=\count137
\l__regex_show_lines_int=\count138
\l__regex_min_state_int=\count139
\l__regex_max_state_int=\count140
\l__regex_left_state_int=\count141
\l__regex_right_state_int=\count142
\l__regex_capturing_group_int=\count143
\l__regex_min_pos_int=\count144
\l__regex_max_pos_int=\count145
\l__regex_curr_pos_int=\count146
\l__regex_start_pos_int=\count147
\l__regex_success_pos_int=\count148
\l__regex_curr_char_int=\count149
\l__regex_curr_catcode_int=\count150
\l__regex_last_char_int=\count151
\l__regex_case_changed_char_int=\count152
\l__regex_curr_state_int=\count153
\l__regex_step_int=\count154
\l__regex_min_active_int=\count155
\l__regex_max_active_int=\count156
\l__regex_replacement_csnames_int=\count157
\l__regex_match_count_int=\count158
\l__regex_min_submatch_int=\count159
\l__regex_submatch_int=\count160
\l__regex_zeroth_submatch_int=\count161
\g__regex_trace_regex_int=\count162
\c_empty_box=\box26
\l_tmpa_box=\box27
\l_tmpb_box=\box28
\g_tmpa_box=\box29
\g_tmpb_box=\box30
\l__box_top_dim=\dimen108
\l__box_bottom_dim=\dimen109
\l__box_left_dim=\dimen110
\l__box_right_dim=\dimen111
\l__box_top_new_dim=\dimen112
\l__box_bottom_new_dim=\dimen113
\l__box_left_new_dim=\dimen114
\l__box_right_new_dim=\dimen115
\l__box_internal_box=\box31
\l__coffin_internal_box=\box32
\l__coffin_internal_dim=\dimen116
\l__coffin_offset_x_dim=\dimen117
\l__coffin_offset_y_dim=\dimen118
\l__coffin_x_dim=\dimen119
\l__coffin_y_dim=\dimen120
\l__coffin_x_prime_dim=\dimen121
\l__coffin_y_prime_dim=\dimen122
\c_empty_coffin=\box33
\l__coffin_aligned_coffin=\box34
\l__coffin_aligned_internal_coffin=\box35
\l_tmpa_coffin=\box36
\l_tmpb_coffin=\box37
\l__coffin_display_coffin=\box38
\l__coffin_display_coord_coffin=\box39
\l__coffin_display_pole_coffin=\box40
\l__coffin_display_offset_dim=\dimen123
\l__coffin_display_x_dim=\dimen124
\l__coffin_display_y_dim=\dimen125
\l__coffin_bounding_shift_dim=\dimen126
\l__coffin_left_corner_dim=\dimen127
\l__coffin_right_corner_dim=\dimen128
\l__coffin_bottom_corner_dim=\dimen129
\l__coffin_top_corner_dim=\dimen130
\l__coffin_scaled_total_height_dim=\dimen131
\l__coffin_scaled_width_dim=\dimen132
)
(c:/texlive/2018/texmf-dist/tex/latex/l3kernel/l3pdfmode.def
File: l3pdfmode.def 2017/03/18 v L3 Experimental driver: PDF mode
\l__driver_color_stack_int=\count163
))
Document Class: ctexart 2018/01/28 v2.4.12 Chinese adapter for class article (C
TEX)
(c:/texlive/2018/texmf-dist/tex/latex/l3packages/xparse/xparse.sty
Package: xparse 2018/02/21 L3 Experimental document command parser
\l__xparse_current_arg_int=\count164
\g__xparse_grabber_int=\count165
\l__xparse_m_args_int=\count166
\l__xparse_mandatory_args_int=\count167
\l__xparse_v_nesting_int=\count168
)
(c:/texlive/2018/texmf-dist/tex/latex/l3packages/l3keys2e/l3keys2e.sty
Package: l3keys2e 2018/02/21 LaTeX2e option processing using LaTeX3 keys
)
\g__file_internal_ior=\read1

(c:/texlive/2018/texmf-dist/tex/latex/ctex/ctexhook.sty
Package: ctexhook 2018/01/28 v2.4.12 Document and package hooks (CTEX)
)
(c:/texlive/2018/texmf-dist/tex/latex/ctex/ctexpatch.sty
Package: ctexpatch 2018/01/28 v2.4.12 Patching commands (CTEX)
)
(c:/texlive/2018/texmf-dist/tex/latex/base/fix-cm.sty
Package: fix-cm 2015/01/14 v1.1t fixes to LaTeX

(c:/texlive/2018/texmf-dist/tex/latex/base/ts1enc.def
File: ts1enc.def 2001/06/05 v3.0e (jk/car/fm) Standard LaTeX file
Now handling font encoding TS1 ...
... processing UTF-8 mapping file for font encoding TS1

(c:/texlive/2018/texmf-dist/tex/latex/base/ts1enc.dfu
File: ts1enc.dfu 2018/04/05 v1.2c UTF-8 support for inputenc
   defining Unicode char U+00A2 (decimal 162)
   defining Unicode char U+00A3 (decimal 163)
   defining Unicode char U+00A4 (decimal 164)
   defining Unicode char U+00A5 (decimal 165)
   defining Unicode char U+00A6 (decimal 166)
   defining Unicode char U+00A7 (decimal 167)
   defining Unicode char U+00A8 (decimal 168)
   defining Unicode char U+00A9 (decimal 169)
   defining Unicode char U+00AA (decimal 170)
   defining Unicode char U+00AC (decimal 172)
   defining Unicode char U+00AE (decimal 174)
   defining Unicode char U+00AF (decimal 175)
   defining Unicode char U+00B0 (decimal 176)
   defining Unicode char U+00B1 (decimal 177)
   defining Unicode char U+00B2 (decimal 178)
   defining Unicode char U+00B3 (decimal 179)
   defining Unicode char U+00B4 (decimal 180)
   defining Unicode char U+00B5 (decimal 181)
   defining Unicode char U+00B6 (decimal 182)
   defining Unicode char U+00B7 (decimal 183)
   defining Unicode char U+00B9 (decimal 185)
   defining Unicode char U+00BA (decimal 186)
   defining Unicode char U+00BC (decimal 188)
   defining Unicode char U+00BD (decimal 189)
   defining Unicode char U+00BE (decimal 190)
   defining Unicode char U+00D7 (decimal 215)
   defining Unicode char U+00F7 (decimal 247)
   defining Unicode char U+0192 (decimal 402)
   defining Unicode char U+02C7 (decimal 711)
   defining Unicode char U+02D8 (decimal 728)
   defining Unicode char U+02DD (decimal 733)
   defining Unicode char U+0E3F (decimal 3647)
   defining Unicode char U+2016 (decimal 8214)
   defining Unicode char U+2020 (decimal 8224)
   defining Unicode char U+2021 (decimal 8225)
   defining Unicode char U+2022 (decimal 8226)
   defining Unicode char U+2030 (decimal 8240)
   defining Unicode char U+2031 (decimal 8241)
   defining Unicode char U+203B (decimal 8251)
   defining Unicode char U+203D (decimal 8253)
   defining Unicode char U+2044 (decimal 8260)
   defining Unicode char U+204E (decimal 8270)
   defining Unicode char U+2052 (decimal 8274)
   defining Unicode char U+20A1 (decimal 8353)
   defining Unicode char U+20A4 (decimal 8356)
   defining Unicode char U+20A6 (decimal 8358)
   defining Unicode char U+20A9 (decimal 8361)
   defining Unicode char U+20AB (decimal 8363)
   defining Unicode char U+20AC (decimal 8364)
   defining Unicode char U+20B1 (decimal 8369)
   defining Unicode char U+2103 (decimal 8451)
   defining Unicode char U+2116 (decimal 8470)
   defining Unicode char U+2117 (decimal 8471)
   defining Unicode char U+211E (decimal 8478)
   defining Unicode char U+2120 (decimal 8480)
   defining Unicode char U+2122 (decimal 8482)
   defining Unicode char U+2126 (decimal 8486)
   defining Unicode char U+2127 (decimal 8487)
   defining Unicode char U+212E (decimal 8494)
   defining Unicode char U+2190 (decimal 8592)
   defining Unicode char U+2191 (decimal 8593)
   defining Unicode char U+2192 (decimal 8594)
   defining Unicode char U+2193 (decimal 8595)
   defining Unicode char U+2329 (decimal 9001)
   defining Unicode char U+232A (decimal 9002)
   defining Unicode char U+2422 (decimal 9250)
   defining Unicode char U+25E6 (decimal 9702)
   defining Unicode char U+25EF (decimal 9711)
   defining Unicode char U+266A (decimal 9834)
   defining Unicode char U+FEFF (decimal 65279)
)))
(c:/texlive/2018/texmf-dist/tex/latex/ms/everysel.sty
Package: everysel 2011/10/28 v1.2 EverySelectfont Package (MS)
)
\l__ctex_tmp_int=\count169
\l__ctex_tmp_box=\box41
\l__ctex_tmp_dim=\dimen133
\g__ctex_font_size_flag=\count170

(c:/texlive/2018/texmf-dist/tex/latex/ctex/config/ctexopts.cfg
File: ctexopts.cfg 2018/01/28 v2.4.12 Option configuration file (CTEX)
)
(c:/texlive/2018/texmf-dist/tex/latex/base/article.cls
Document Class: article 2014/09/29 v1.4h Standard LaTeX document class
(c:/texlive/2018/texmf-dist/tex/latex/base/size11.clo
File: size11.clo 2014/09/29 v1.4h Standard LaTeX file (size option)
)
\c@part=\count171
\c@section=\count172
\c@subsection=\count173
\c@subsubsection=\count174
\c@paragraph=\count175
\c@subparagraph=\count176
\c@figure=\count177
\c@table=\count178
\abovecaptionskip=\skip47
\belowcaptionskip=\skip48
\bibindent=\dimen134
)
(c:/texlive/2018/texmf-dist/tex/latex/ctex/engine/ctex-engine-pdftex.def
File: ctex-engine-pdftex.def 2018/01/28 v2.4.12 (pdf)LaTeX adapter (CTEX)

(c:/texlive/2018/texmf-dist/tex/latex/cjk/texinput/CJKutf8.sty
Package: CJKutf8 2015/04/18 4.8.4

(c:/texlive/2018/texmf-dist/tex/generic/oberdiek/ifpdf.sty
Package: ifpdf 2017/03/15 v3.2 Provides the ifpdf switch
)
(c:/texlive/2018/texmf-dist/tex/latex/base/inputenc.sty
Package: inputenc 2018/04/06 v1.3b Input encoding file
\inpenc@prehook=\toks14
\inpenc@posthook=\toks15
)
(c:/texlive/2018/texmf-dist/tex/latex/cjk/texinput/CJK.sty
Package: CJK 2015/04/18 4.8.4

(c:/texlive/2018/texmf-dist/tex/latex/cjk/texinput/mule/MULEenc.sty
Package: MULEenc 2015/04/18 4.8.4
)
(c:/texlive/2018/texmf-dist/tex/latex/cjk/texinput/CJK.enc
File: CJK.enc 2015/04/18 4.8.4
Now handling font encoding C00 ...
... no UTF-8 mapping file for font encoding C00
Now handling font encoding C05 ...
... no UTF-8 mapping file for font encoding C05
Now handling font encoding C09 ...
... no UTF-8 mapping file for font encoding C09
Now handling font encoding C10 ...
... no UTF-8 mapping file for font encoding C10
Now handling font encoding C20 ...
... no UTF-8 mapping file for font encoding C20
Now handling font encoding C19 ...
... no UTF-8 mapping file for font encoding C19
Now handling font encoding C40 ...
... no UTF-8 mapping file for font encoding C40
Now handling font encoding C42 ...
... no UTF-8 mapping file for font encoding C42
Now handling font encoding C43 ...
... no UTF-8 mapping file for font encoding C43
Now handling font encoding C50 ...
... no UTF-8 mapping file for font encoding C50
Now handling font encoding C52 ...
... no UTF-8 mapping file for font encoding C52
Now handling font encoding C49 ...
... no UTF-8 mapping file for font encoding C49
Now handling font encoding C60 ...
... no UTF-8 mapping file for font encoding C60
Now handling font encoding C61 ...
... no UTF-8 mapping file for font encoding C61
Now handling font encoding C63 ...
... no UTF-8 mapping file for font encoding C63
Now handling font encoding C64 ...
... no UTF-8 mapping file for font encoding C64
Now handling font encoding C65 ...
... no UTF-8 mapping file for font encoding C65
Now handling font encoding C70 ...
... no UTF-8 mapping file for font encoding C70
Now handling font encoding C31 ...
... no UTF-8 mapping file for font encoding C31
Now handling font encoding C32 ...
... no UTF-8 mapping file for font encoding C32
Now handling font encoding C33 ...
... no UTF-8 mapping file for font encoding C33
Now handling font encoding C34 ...
... no UTF-8 mapping file for font encoding C34
Now handling font encoding C35 ...
... no UTF-8 mapping file for font encoding C35
Now handling font encoding C36 ...
... no UTF-8 mapping file for font encoding C36
Now handling font encoding C37 ...
... no UTF-8 mapping file for font encoding C37
Now handling font encoding C80 ...
... no UTF-8 mapping file for font encoding C80
Now handling font encoding C81 ...
... no UTF-8 mapping file for font encoding C81
Now handling font encoding C01 ...
... no UTF-8 mapping file for font encoding C01
Now handling font encoding C11 ...
... no UTF-8 mapping file for font encoding C11
Now handling font encoding C21 ...
... no UTF-8 mapping file for font encoding C21
Now handling font encoding C41 ...
... no UTF-8 mapping file for font encoding C41
Now handling font encoding C62 ...
... no UTF-8 mapping file for font encoding C62
)
LaTeX Info: Redefining \selectfont on input line 755.
\CJK@indent=\box42
)
(c:/texlive/2018/texmf-dist/tex/latex/base/fontenc.sty
Package: fontenc 2017/04/05 v2.0i Standard LaTeX package
))
(c:/texlive/2018/texmf-dist/tex/latex/cjkpunct/CJKpunct.sty
Package: CJKpunct 2016/05/14 4.8.4
\CJKpunct@cnta=\count179
\CJKpunct@cntb=\count180
\CJKpunct@cntc=\count181
\CJKpunct@cntd=\count182
\CJKpunct@cnte=\count183
   defining Unicode char U+2018 (decimal 8216)
   defining Unicode char U+2019 (decimal 8217)
   defining Unicode char U+201C (decimal 8220)
   defining Unicode char U+201D (decimal 8221)
   defining Unicode char U+2014 (decimal 8212)
   defining Unicode char U+2026 (decimal 8230)

(c:/texlive/2018/texmf-dist/tex/latex/cjkpunct/CJKpunct.spa))
(c:/texlive/2018/texmf-dist/tex/latex/cjk/texinput/CJKspace.sty
Package: CJKspace 2015/04/18 3.8.0
)
(c:/texlive/2018/texmf-dist/tex/latex/ctex/ctexspa.def
File: ctexspa.def 2018/01/28 v2.4.12 Space info for CJKpunct (CTEX)
)
(c:/texlive/2018/texmf-dist/tex/latex/cjk/texinput/CJKfntef.sty
Package: CJKfntef 2015/04/18 4.8.4

(c:/texlive/2018/texmf-dist/tex/latex/cjk/texinput/CJKulem.sty
Package: CJKulem 2015/04/18 4.8.4

(c:/texlive/2018/texmf-dist/tex/generic/ulem/ulem.sty
\UL@box=\box43
\UL@hyphenbox=\box44
\UL@skip=\skip49
\UL@hook=\toks16
\UL@height=\dimen135
\UL@pe=\count184
\UL@pixel=\dimen136
\ULC@box=\box45
Package: ulem 2012/05/18
\ULdepth=\dimen137
)
\UL@lastkern=\dimen138
\CJK@skip=\skip50
)
\CJK@fntefSkip=\skip51
\CJK@nest=\count185
\CJK@fntefDimen=\dimen139
\CJK@underdotBox=\box46
\CJK@ULbox=\box47
\CJK@underanyskip=\dimen140
)
\ccwd=\dimen141
\l__ctex_ccglue_skip=\skip52
)
.................................................
. LaTeX info: "xparse/define-command"
. 
. Defining command \ctexset with sig. '' on line 388.
.................................................
.................................................
. LaTeX info: "xparse/define-command"
. 
. Defining command \CTEXsetup with sig. '+o>{\TrimSpaces }m' on line 394.
.................................................
.................................................
. LaTeX info: "xparse/define-command"
. 
. Defining command \CTEXoptions with sig. '+o' on line 400.
.................................................
.................................................
. LaTeX info: "xparse/define-command"
. 
. Defining command \CTEXsetfont with sig. '' on line 418.
.................................................
.................................................
. LaTeX info: "xparse/define-command"
. 
. Defining command \ziju with sig. 'm' on line 490.
.................................................
\l__ctex_ziju_dim=\dimen142
.................................................
. LaTeX info: "xparse/define-command"
. 
. Defining command \CTEXindent with sig. '' on line 531.
.................................................
.................................................
. LaTeX info: "xparse/define-command"
. 
. Defining command \CTEXnoindent with sig. '' on line 537.
.................................................

(c:/texlive/2018/texmf-dist/tex/latex/zhnumber/zhnumber.sty
Package: zhnumber 2018/01/28 v2.6 Typesetting numbers with Chinese glyphs
.................................................
. LaTeX info: "xparse/define-command"
. 
. Defining command \zhnumber with sig. '+o+m' on line 50.
.................................................
.................................................
. LaTeX info: "xparse/define-command"
. 
. Defining command \zhnumberwithoptions with sig. '+m+m' on line 57.
.................................................
.................................................
. LaTeX info: "xparse/define-command"
. 
. Defining command \zhnum with sig. '+o+m' on line 111.
.................................................
.................................................
. LaTeX info: "xparse/define-command"
. 
. Defining command \zhnumwithoptions with sig. '+m+m' on line 118.
.................................................
.................................................
. LaTeX info: "xparse/define-command"
. 
. Defining command \zhdig with sig. '+o+m' on line 295.
.................................................
.................................................
. LaTeX info: "xparse/define-command"
. 
. Defining command \zhdigwithoptions with sig. '+m+m' on line 302.
.................................................
.................................................
. LaTeX info: "xparse/define-command"
. 
. Defining command \zhdigits with sig. '+s+o+m' on line 316.
.................................................
.................................................
. LaTeX info: "xparse/define-command"
. 
. Defining command \zhdigitswithoptions with sig. '+m+m+m' on line 323.
.................................................
.................................................
. LaTeX info: "xparse/define-command"
. 
. Defining command \zhdate with sig. '+s+m' on line 382.
.................................................
\l__zhnum_scale_int=\count186
.................................................
. LaTeX info: "xparse/define-command"
. 
. Defining command \zhnumExtendScaleMap with sig. '>{\TrimSpaces }+o+m' on
. line 504.
.................................................
\l__zhnum_byte_min_int=\count187
\l__zhnum_byte_max_int=\count188
.................................................
. LaTeX info: "xparse/define-command"
. 
. Defining command \zhnumsetup with sig. '+m' on line 934.
.................................................

(c:/texlive/2018/texmf-dist/tex/latex/zhnumber/zhnumber-utf8.cfg
File: zhnumber-utf8.cfg 2018/01/28 v2.6 Chinese numerals with UTF8 encoding
))
.................................................
. LaTeX info: "xparse/define-command"
. 
. Defining command \CTEXnumber with sig. 'mm' on line 554.
.................................................
.................................................
. LaTeX info: "xparse/define-command"
. 
. Defining command \CTEXdigits with sig. 'mm' on line 556.
.................................................
.................................................
. LaTeX info: "xparse/define-command"
. 
. Defining command \ctex_assign_heading_name:nn with sig. 'm>{\SplitArgument
. {\c_one }{,}}+m' on line 680.
.................................................
\l__ctex_heading_skip=\skip53
.................................................
. LaTeX info: "xparse/define-command"
. 
. Defining command \partmark with sig. 'm' on line 711.
.................................................
.................................................
. LaTeX info: "xparse/redefine-command"
. 
. Redefining command \refstepcounter with sig. 'm' on line 1201.
.................................................

(c:/texlive/2018/texmf-dist/tex/latex/ctex/scheme/ctex-scheme-chinese-article.d
ef
File: ctex-scheme-chinese-article.def 2018/01/28 v2.4.12 Chinese scheme for art
icle (CTEX)
 (c:/texlive/2018/texmf-dist/tex/latex/ctex/config/ctex-name-utf8.cfg
File: ctex-name-utf8.cfg 2018/01/28 v2.4.12 Caption with encoding UTF8 (CTEX)
))
.................................................
. LaTeX info: "xparse/define-command"
. 
. Defining command \zihao with sig. 'm' on line 1204.
.................................................
.................................................
. LaTeX info: "xparse/define-command"
. 
. Defining command \CTeX with sig. '' on line 1308.
.................................................

(c:/texlive/2018/texmf-dist/tex/latex/ctex/fontset/ctex-fontset-windows.def
File: ctex-fontset-windows.def 2018/01/28 v2.4.12 Windows fonts definition (CTE
X)

(c:/texlive/2018/texmf-dist/tex/latex/ctex/fontset/ctex-fontset-windowsnew.def
File: ctex-fontset-windowsnew.def 2018/01/28 v2.4.12 Windows fonts definition f
or Vista or later version (CTEX)

(c:/texlive/2018/texmf-dist/tex/generic/ctex/zhwindowsfonts.tex
File: zhwindowsfonts.tex 2018/01/28 v2.4.12 Windows font map loader for pdfTeX 
and DVIPDFMx (CTEX)
{c:/texlive/2018/texmf-var/fonts/map/pdftex/updmap/pdftex.map}{UGBK.sfd}{Unicod
e.sfd})
.................................................
. LaTeX info: "xparse/define-command"
. 
. Defining command \songti with sig. '' on line 111.
.................................................
.................................................
. LaTeX info: "xparse/define-command"
. 
. Defining command \heiti with sig. '' on line 112.
.................................................
.................................................
. LaTeX info: "xparse/define-command"
. 
. Defining command \fangsong with sig. '' on line 113.
.................................................
.................................................
. LaTeX info: "xparse/define-command"
. 
. Defining command \kaishu with sig. '' on line 114.
.................................................
.................................................
. LaTeX info: "xparse/define-command"
. 
. Defining command \lishu with sig. '' on line 115.
.................................................
.................................................
. LaTeX info: "xparse/define-command"
. 
. Defining command \youyuan with sig. '' on line 116.
.................................................
.................................................
. LaTeX info: "xparse/define-command"
. 
. Defining command \yahei with sig. '' on line 117.
.................................................
)))
(c:/texlive/2018/texmf-dist/tex/latex/ctex/config/ctex.cfg
File: ctex.cfg 2018/01/28 v2.4.12 Configuration file (CTEX)
)
(c:/texlive/2018/texmf-dist/tex/latex/graphics/graphicx.sty
Package: graphicx 2017/06/01 v1.1a Enhanced LaTeX Graphics (DPC,SPQR)

(c:/texlive/2018/texmf-dist/tex/latex/graphics/keyval.sty
Package: keyval 2014/10/28 v1.15 key=value parser (DPC)
\KV@toks@=\toks17
)
(c:/texlive/2018/texmf-dist/tex/latex/graphics/graphics.sty
Package: graphics 2017/06/25 v1.2c Standard LaTeX Graphics (DPC,SPQR)

(c:/texlive/2018/texmf-dist/tex/latex/graphics/trig.sty
Package: trig 2016/01/03 v1.10 sin cos tan (DPC)
)
(c:/texlive/2018/texmf-dist/tex/latex/graphics-cfg/graphics.cfg
File: graphics.cfg 2016/06/04 v1.11 sample graphics configuration
)
Package graphics Info: Driver file: pdftex.def on input line 99.

(c:/texlive/2018/texmf-dist/tex/latex/graphics-def/pdftex.def
File: pdftex.def 2018/01/08 v1.0l Graphics/color driver for pdftex
))
\Gin@req@height=\dimen143
\Gin@req@width=\dimen144
)
(c:/texlive/2018/texmf-dist/tex/latex/hyperref/hyperref.sty
Package: hyperref 2018/02/06 v6.86b Hypertext links for LaTeX

(c:/texlive/2018/texmf-dist/tex/generic/oberdiek/hobsub-hyperref.sty
Package: hobsub-hyperref 2016/05/16 v1.14 Bundle oberdiek, subset hyperref (HO)


(c:/texlive/2018/texmf-dist/tex/generic/oberdiek/hobsub-generic.sty
Package: hobsub-generic 2016/05/16 v1.14 Bundle oberdiek, subset generic (HO)
Package: hobsub 2016/05/16 v1.14 Construct package bundles (HO)
Package: infwarerr 2016/05/16 v1.4 Providing info/warning/error messages (HO)
Package: ltxcmds 2016/05/16 v1.23 LaTeX kernel commands for general use (HO)
Package: ifluatex 2016/05/16 v1.4 Provides the ifluatex switch (HO)
Package ifluatex Info: LuaTeX not detected.
Package: ifvtex 2016/05/16 v1.6 Detect VTeX and its facilities (HO)
Package ifvtex Info: VTeX not detected.
Package: intcalc 2016/05/16 v1.2 Expandable calculations with integers (HO)
Package hobsub Info: Skipping package `ifpdf' (already loaded).
Package: etexcmds 2016/05/16 v1.6 Avoid name clashes with e-TeX commands (HO)
Package etexcmds Info: Could not find \expanded.
(etexcmds)             That can mean that you are not using pdfTeX 1.50 or
(etexcmds)             that some package has redefined \expanded.
(etexcmds)             In the latter case, load this package earlier.
Package: kvsetkeys 2016/05/16 v1.17 Key value parser (HO)
Package: kvdefinekeys 2016/05/16 v1.4 Define keys (HO)
Package: pdftexcmds 2018/01/30 v0.27 Utility functions of pdfTeX for LuaTeX (HO
)
Package pdftexcmds Info: LuaTeX not detected.
Package pdftexcmds Info: \pdf@primitive is available.
Package pdftexcmds Info: \pdf@ifprimitive is available.
Package pdftexcmds Info: \pdfdraftmode found.
Package: pdfescape 2016/05/16 v1.14 Implements pdfTeX's escape features (HO)
Package: bigintcalc 2016/05/16 v1.4 Expandable calculations on big integers (HO
)
Package: bitset 2016/05/16 v1.2 Handle bit-vector datatype (HO)
Package: uniquecounter 2016/05/16 v1.3 Provide unlimited unique counter (HO)
)
Package hobsub Info: Skipping package `hobsub' (already loaded).
Package: letltxmacro 2016/05/16 v1.5 Let assignment for LaTeX macros (HO)
Package: hopatch 2016/05/16 v1.3 Wrapper for package hooks (HO)
Package: xcolor-patch 2016/05/16 xcolor patch
Package: atveryend 2016/05/16 v1.9 Hooks at the very end of document (HO)
Package atveryend Info: \enddocument detected (standard20110627).
Package: atbegshi 2016/06/09 v1.18 At begin shipout hook (HO)
Package: refcount 2016/05/16 v3.5 Data extraction from label references (HO)
Package: hycolor 2016/05/16 v1.8 Color options for hyperref/bookmark (HO)
)
(c:/texlive/2018/texmf-dist/tex/generic/ifxetex/ifxetex.sty
Package: ifxetex 2010/09/12 v0.6 Provides ifxetex conditional
)
(c:/texlive/2018/texmf-dist/tex/latex/oberdiek/auxhook.sty
Package: auxhook 2016/05/16 v1.4 Hooks for auxiliary files (HO)
)
(c:/texlive/2018/texmf-dist/tex/latex/oberdiek/kvoptions.sty
Package: kvoptions 2016/05/16 v3.12 Key value format for package options (HO)
)
\@linkdim=\dimen145
\Hy@linkcounter=\count189
\Hy@pagecounter=\count190

(c:/texlive/2018/texmf-dist/tex/latex/hyperref/pd1enc.def
File: pd1enc.def 2018/02/06 v6.86b Hyperref: PDFDocEncoding definition (HO)
Now handling font encoding PD1 ...
... no UTF-8 mapping file for font encoding PD1
)
\Hy@SavedSpaceFactor=\count191

(c:/texlive/2018/texmf-dist/tex/latex/latexconfig/hyperref.cfg
File: hyperref.cfg 2002/06/06 v1.2 hyperref configuration of TeXLive
)
Package hyperref Info: Option `unicode' set `true' on input line 4383.

(c:/texlive/2018/texmf-dist/tex/latex/hyperref/puenc.def
File: puenc.def 2018/02/06 v6.86b Hyperref: PDF Unicode definition (HO)
Now handling font encoding PU ...
... no UTF-8 mapping file for font encoding PU
)
Package hyperref Info: Option `unicode' set `true' on input line 4383.
Package hyperref Info: Hyper figures OFF on input line 4509.
Package hyperref Info: Link nesting OFF on input line 4514.
Package hyperref Info: Hyper index ON on input line 4517.
Package hyperref Info: Plain pages OFF on input line 4524.
Package hyperref Info: Backreferencing OFF on input line 4529.
Package hyperref Info: Implicit mode ON; LaTeX internals redefined.
Package hyperref Info: Bookmarks ON on input line 4762.
\c@Hy@tempcnt=\count192

(c:/texlive/2018/texmf-dist/tex/latex/url/url.sty
\Urlmuskip=\muskip16
Package: url 2013/09/16  ver 3.4  Verb mode for urls, etc.
)
LaTeX Info: Redefining \url on input line 5115.
\XeTeXLinkMargin=\dimen146
\Fld@menulength=\count193
\Field@Width=\dimen147
\Fld@charsize=\dimen148
Package hyperref Info: Hyper figures OFF on input line 6369.
Package hyperref Info: Link nesting OFF on input line 6374.
Package hyperref Info: Hyper index ON on input line 6377.
Package hyperref Info: backreferencing OFF on input line 6384.
Package hyperref Info: Link coloring OFF on input line 6389.
Package hyperref Info: Link coloring with OCG OFF on input line 6394.
Package hyperref Info: PDF/A mode OFF on input line 6399.
LaTeX Info: Redefining \ref on input line 6439.
LaTeX Info: Redefining \pageref on input line 6443.
\Hy@abspage=\count194
\c@Item=\count195
\c@Hfootnote=\count196
)
Package hyperref Info: Driver (autodetected): hpdftex.

(c:/texlive/2018/texmf-dist/tex/latex/hyperref/hpdftex.def
File: hpdftex.def 2018/02/06 v6.86b Hyperref driver for pdfTeX
\Fld@listcount=\count197
\c@bookmark@seq@number=\count198

(c:/texlive/2018/texmf-dist/tex/latex/oberdiek/rerunfilecheck.sty
Package: rerunfilecheck 2016/05/16 v1.8 Rerun checks for auxiliary files (HO)
Package uniquecounter Info: New unique counter `rerunfilecheck' on input line 2
82.
)
\Hy@SectionHShift=\skip54
)
(c:/texlive/2018/texmf-dist/tex/latex/xcolor/xcolor.sty
Package: xcolor 2016/05/11 v2.12 LaTeX color extensions (UK)

(c:/texlive/2018/texmf-dist/tex/latex/graphics-cfg/color.cfg
File: color.cfg 2016/01/02 v1.6 sample color configuration
)
Package xcolor Info: Driver file: pdftex.def on input line 225.
Package xcolor Info: Model `cmy' substituted by `cmy0' on input line 1348.
Package xcolor Info: Model `hsb' substituted by `rgb' on input line 1352.
Package xcolor Info: Model `RGB' extended on input line 1364.
Package xcolor Info: Model `HTML' substituted by `rgb' on input line 1366.
Package xcolor Info: Model `Hsb' substituted by `hsb' on input line 1367.
Package xcolor Info: Model `tHsb' substituted by `hsb' on input line 1368.
Package xcolor Info: Model `HSB' substituted by `hsb' on input line 1369.
Package xcolor Info: Model `Gray' substituted by `gray' on input line 1370.
Package xcolor Info: Model `wave' substituted by `hsb' on input line 1371.
)
(c:/texlive/2018/texmf-dist/tex/latex/cite/cite.sty
LaTeX Info: Redefining \cite on input line 302.
LaTeX Info: Redefining \nocite on input line 332.
Package: cite 2015/02/27  v 5.5
)
(c:/texlive/2018/texmf-dist/tex/latex/tools/indentfirst.sty
Package: indentfirst 1995/11/23 v1.03 Indent first paragraph (DPC)
)
(c:/texlive/2018/texmf-dist/tex/latex/amsmath/amsmath.sty
Package: amsmath 2017/09/02 v2.17a AMS math features
\@mathmargin=\skip55

For additional information on amsmath, use the `?' option.
(c:/texlive/2018/texmf-dist/tex/latex/amsmath/amstext.sty
Package: amstext 2000/06/29 v2.01 AMS text

(c:/texlive/2018/texmf-dist/tex/latex/amsmath/amsgen.sty
File: amsgen.sty 1999/11/30 v2.0 generic functions
\@emptytoks=\toks18
\ex@=\dimen149
))
(c:/texlive/2018/texmf-dist/tex/latex/amsmath/amsbsy.sty
Package: amsbsy 1999/11/29 v1.2d Bold Symbols
\pmbraise@=\dimen150
)
(c:/texlive/2018/texmf-dist/tex/latex/amsmath/amsopn.sty
Package: amsopn 2016/03/08 v2.02 operator names
)
\inf@bad=\count199
LaTeX Info: Redefining \frac on input line 213.
\uproot@=\count266
\leftroot@=\count267
LaTeX Info: Redefining \overline on input line 375.
\classnum@=\count268
\DOTSCASE@=\count269
LaTeX Info: Redefining \ldots on input line 472.
LaTeX Info: Redefining \dots on input line 475.
LaTeX Info: Redefining \cdots on input line 596.
\Mathstrutbox@=\box48
\strutbox@=\box49
\big@size=\dimen151
LaTeX Font Info:    Redeclaring font encoding OML on input line 712.
LaTeX Font Info:    Redeclaring font encoding OMS on input line 713.
\macc@depth=\count270
\c@MaxMatrixCols=\count271
\dotsspace@=\muskip17
\c@parentequation=\count272
\dspbrk@lvl=\count273
\tag@help=\toks19
\row@=\count274
\column@=\count275
\maxfields@=\count276
\andhelp@=\toks20
\eqnshift@=\dimen152
\alignsep@=\dimen153
\tagshift@=\dimen154
\tagwidth@=\dimen155
\totwidth@=\dimen156
\lineht@=\dimen157
\@envbody=\toks21
\multlinegap=\skip56
\multlinetaggap=\skip57
\mathdisplay@stack=\toks22
LaTeX Info: Redefining \[ on input line 2817.
LaTeX Info: Redefining \] on input line 2818.
)
(c:/texlive/2018/texmf-dist/tex/latex/amscls/amsthm.sty
Package: amsthm 2017/10/31 v2.20.4
\thm@style=\toks23
\thm@bodyfont=\toks24
\thm@headfont=\toks25
\thm@notefont=\toks26
\thm@headpunct=\toks27
\thm@preskip=\skip58
\thm@postskip=\skip59
\thm@headsep=\skip60
\dth@everypar=\toks28
)
(c:/texlive/2018/texmf-dist/tex/latex/amsfonts/amssymb.sty
Package: amssymb 2013/01/14 v3.01 AMS font symbols

(c:/texlive/2018/texmf-dist/tex/latex/amsfonts/amsfonts.sty
Package: amsfonts 2013/01/14 v3.01 Basic AMSFonts support
\symAMSa=\mathgroup4
\symAMSb=\mathgroup5
LaTeX Font Info:    Overwriting math alphabet `\mathfrak' in version `bold'
(Font)                  U/euf/m/n --> U/euf/b/n on input line 106.
))
(c:/texlive/2018/texmf-dist/tex/latex/fancyhdr/fancyhdr.sty
Package: fancyhdr 2017/06/30 v3.9a Extensive control of page headers and footer
s
\f@nch@headwidth=\skip61
\f@nch@O@elh=\skip62
\f@nch@O@erh=\skip63
\f@nch@O@olh=\skip64
\f@nch@O@orh=\skip65
\f@nch@O@elf=\skip66
\f@nch@O@erf=\skip67
\f@nch@O@olf=\skip68
\f@nch@O@orf=\skip69
)
(c:/texlive/2018/texmf-dist/tex/latex/listings/listings.sty
\lst@mode=\count277
\lst@gtempboxa=\box50
\lst@token=\toks29
\lst@length=\count278
\lst@currlwidth=\dimen158
\lst@column=\count279
\lst@pos=\count280
\lst@lostspace=\dimen159
\lst@width=\dimen160
\lst@newlines=\count281
\lst@lineno=\count282
\lst@maxwidth=\dimen161

(c:/texlive/2018/texmf-dist/tex/latex/listings/lstmisc.sty
File: lstmisc.sty 2015/06/04 1.6 (Carsten Heinz)
\c@lstnumber=\count283
\lst@skipnumbers=\count284
\lst@framebox=\box51
)
(c:/texlive/2018/texmf-dist/tex/latex/listings/listings.cfg
File: listings.cfg 2015/06/04 1.6 listings configuration
))
Package: listings 2015/06/04 1.6 (Carsten Heinz)

(c:/texlive/2018/texmf-dist/tex/latex/jknapltx/mathrsfs.sty
Package: mathrsfs 1996/01/01 Math RSFS package v1.0 (jk)
\symrsfs=\mathgroup6
)
(c:/texlive/2018/texmf-dist/tex/latex/listings/lstlang1.sty
File: lstlang1.sty 2015/06/04 1.6 listings language file
)
(c:/texlive/2018/texmf-dist/tex/latex/cjk/texinput/UTF8/UTF8.bdg
File: UTF8.bdg 2015/04/18 4.8.4
)
(c:/texlive/2018/texmf-dist/tex/latex/cjk/texinput/UTF8/UTF8.enc
File: UTF8.enc 2015/04/18 4.8.4
)
(c:/texlive/2018/texmf-dist/tex/latex/cjk/texinput/UTF8/UTF8.chr
File: UTF8.chr 2015/04/18 4.8.4
) (./main.aux)
\openout1 = `main.aux'.

LaTeX Font Info:    Checking defaults for OML/cmm/m/it on input line 120.
LaTeX Font Info:    ... okay on input line 120.
LaTeX Font Info:    Checking defaults for T1/cmr/m/n on input line 120.
LaTeX Font Info:    ... okay on input line 120.
LaTeX Font Info:    Checking defaults for OT1/cmr/m/n on input line 120.
LaTeX Font Info:    ... okay on input line 120.
LaTeX Font Info:    Checking defaults for OMS/cmsy/m/n on input line 120.
LaTeX Font Info:    ... okay on input line 120.
LaTeX Font Info:    Checking defaults for OMX/cmex/m/n on input line 120.
LaTeX Font Info:    ... okay on input line 120.
LaTeX Font Info:    Checking defaults for U/cmr/m/n on input line 120.
LaTeX Font Info:    ... okay on input line 120.
LaTeX Font Info:    Checking defaults for TS1/cmr/m/n on input line 120.
LaTeX Font Info:    ... okay on input line 120.
LaTeX Font Info:    Checking defaults for C00/song/m/n on input line 120.
LaTeX Font Info:    ... okay on input line 120.
LaTeX Font Info:    Checking defaults for C05/song/m/n on input line 120.
LaTeX Font Info:    ... okay on input line 120.
LaTeX Font Info:    Checking defaults for C09/song/m/n on input line 120.
LaTeX Font Info:    ... okay on input line 120.
LaTeX Font Info:    Checking defaults for C10/song/m/n on input line 120.
LaTeX Font Info:    ... okay on input line 120.
LaTeX Font Info:    Checking defaults for C20/song/m/n on input line 120.
LaTeX Font Info:    ... okay on input line 120.
LaTeX Font Info:    Checking defaults for C19/song/m/n on input line 120.
LaTeX Font Info:    ... okay on input line 120.
LaTeX Font Info:    Checking defaults for C40/song/m/n on input line 120.
LaTeX Font Info:    ... okay on input line 120.
LaTeX Font Info:    Checking defaults for C42/song/m/n on input line 120.
LaTeX Font Info:    ... okay on input line 120.
LaTeX Font Info:    Checking defaults for C43/song/m/n on input line 120.
LaTeX Font Info:    ... okay on input line 120.
LaTeX Font Info:    Checking defaults for C50/song/m/n on input line 120.
LaTeX Font Info:    ... okay on input line 120.
LaTeX Font Info:    Checking defaults for C52/song/m/n on input line 120.
LaTeX Font Info:    ... okay on input line 120.
LaTeX Font Info:    Checking defaults for C49/song/m/n on input line 120.
LaTeX Font Info:    ... okay on input line 120.
LaTeX Font Info:    Checking defaults for C60/mj/m/n on input line 120.
LaTeX Font Info:    ... okay on input line 120.
LaTeX Font Info:    Checking defaults for C61/mj/m/n on input line 120.
LaTeX Font Info:    ... okay on input line 120.
LaTeX Font Info:    Checking defaults for C63/mj/m/n on input line 120.
LaTeX Font Info:    ... okay on input line 120.
LaTeX Font Info:    Checking defaults for C64/mj/m/n on input line 120.
LaTeX Font Info:    ... okay on input line 120.
LaTeX Font Info:    Checking defaults for C65/mj/m/n on input line 120.
LaTeX Font Info:    ... okay on input line 120.
LaTeX Font Info:    Checking defaults for C70/song/m/n on input line 120.
LaTeX Font Info:    ... okay on input line 120.
LaTeX Font Info:    Checking defaults for C31/song/m/n on input line 120.
LaTeX Font Info:    ... okay on input line 120.
LaTeX Font Info:    Checking defaults for C32/song/m/n on input line 120.
LaTeX Font Info:    ... okay on input line 120.
LaTeX Font Info:    Checking defaults for C33/song/m/n on input line 120.
LaTeX Font Info:    ... okay on input line 120.
LaTeX Font Info:    Checking defaults for C34/song/m/n on input line 120.
LaTeX Font Info:    ... okay on input line 120.
LaTeX Font Info:    Checking defaults for C35/song/m/n on input line 120.
LaTeX Font Info:    ... okay on input line 120.
LaTeX Font Info:    Checking defaults for C36/song/m/n on input line 120.
LaTeX Font Info:    ... okay on input line 120.
LaTeX Font Info:    Checking defaults for C37/song/m/n on input line 120.
LaTeX Font Info:    ... okay on input line 120.
LaTeX Font Info:    Checking defaults for C80/song/m/n on input line 120.
LaTeX Font Info:    ... okay on input line 120.
LaTeX Font Info:    Checking defaults for C81/song/m/n on input line 120.
LaTeX Font Info:    ... okay on input line 120.
LaTeX Font Info:    Checking defaults for C01/song/m/n on input line 120.
LaTeX Font Info:    ... okay on input line 120.
LaTeX Font Info:    Checking defaults for C11/song/m/n on input line 120.
LaTeX Font Info:    ... okay on input line 120.
LaTeX Font Info:    Checking defaults for C21/song/m/n on input line 120.
LaTeX Font Info:    ... okay on input line 120.
LaTeX Font Info:    Checking defaults for C41/song/m/n on input line 120.
LaTeX Font Info:    ... okay on input line 120.
LaTeX Font Info:    Checking defaults for C62/song/m/n on input line 120.
LaTeX Font Info:    ... okay on input line 120.
LaTeX Font Info:    Checking defaults for PD1/pdf/m/n on input line 120.
LaTeX Font Info:    ... okay on input line 120.
LaTeX Font Info:    Checking defaults for PU/pdf/m/n on input line 120.
LaTeX Font Info:    ... okay on input line 120.

ABD: EverySelectfont initializing macros
LaTeX Info: Redefining \selectfont on input line 120.

(c:/texlive/2018/texmf-dist/tex/context/base/mkii/supp-pdf.mkii
[Loading MPS to PDF converter (version 2006.09.02).]
\scratchcounter=\count285
\scratchdimen=\dimen162
\scratchbox=\box52
\nofMPsegments=\count286
\nofMParguments=\count287
\everyMPshowfont=\toks30
\MPscratchCnt=\count288
\MPscratchDim=\dimen163
\MPnumerator=\count289
\makeMPintoPDFobject=\count290
\everyMPtoPDFconversion=\toks31
) (c:/texlive/2018/texmf-dist/tex/latex/oberdiek/epstopdf-base.sty
Package: epstopdf-base 2016/05/15 v2.6 Base part for package epstopdf

(c:/texlive/2018/texmf-dist/tex/latex/oberdiek/grfext.sty
Package: grfext 2016/05/16 v1.2 Manage graphics extensions (HO)
)
Package epstopdf-base Info: Redefining graphics rule for `.eps' on input line 4
38.
Package grfext Info: Graphics extension search list:
(grfext)             [.pdf,.png,.jpg,.mps,.jpeg,.jbig2,.jb2,.PDF,.PNG,.JPG,.JPE
G,.JBIG2,.JB2,.eps]
(grfext)             \AppendGraphicsExtensions on input line 456.

(c:/texlive/2018/texmf-dist/tex/latex/latexconfig/epstopdf-sys.cfg
File: epstopdf-sys.cfg 2010/07/13 v1.3 Configuration of (r)epstopdf for TeX Liv
e
))
\AtBeginShipoutBox=\box53
Package hyperref Info: Link coloring OFF on input line 120.

(c:/texlive/2018/texmf-dist/tex/latex/hyperref/nameref.sty
Package: nameref 2016/05/21 v2.44 Cross-referencing by name of section

(c:/texlive/2018/texmf-dist/tex/generic/oberdiek/gettitlestring.sty
Package: gettitlestring 2016/05/16 v1.5 Cleanup title references (HO)
)
\c@section@level=\count291
)
LaTeX Info: Redefining \ref on input line 120.
LaTeX Info: Redefining \pageref on input line 120.
LaTeX Info: Redefining \nameref on input line 120.

(./main.out) (./main.out)
\@outlinefile=\write3
\openout3 = `main.out'.

\c@lstlisting=\count292
LaTeX Font Info:    Try loading font information for C70+gbsn on input line 160
.

(c:/texlive/2018/texmf-dist/tex/latex/cjk/texinput/UTF8/c70gbsn.fd
File: c70gbsn.fd 2015/04/18 4.8.4
)
(c:/texlive/2018/texmf-dist/tex/latex/cjk/texinput/UTF8/c70gbsn.fdx
File: c70gbsn.fdx 2015/04/18 4.8.4
)
LaTeX Font Info:    Try loading font information for U+msa on input line 160.

(c:/texlive/2018/texmf-dist/tex/latex/amsfonts/umsa.fd
File: umsa.fd 2013/01/14 v3.01 AMS symbols A
)
LaTeX Font Info:    Try loading font information for U+msb on input line 160.

(c:/texlive/2018/texmf-dist/tex/latex/amsfonts/umsb.fd
File: umsb.fd 2013/01/14 v3.01 AMS symbols B
)
LaTeX Font Info:    Try loading font information for U+rsfs on input line 160.

(c:/texlive/2018/texmf-dist/tex/latex/jknapltx/ursfs.fd
File: ursfs.fd 1998/03/24 rsfs font definition file (jk)
)
LaTeX Font Info:    Try loading font information for OMS+cmr on input line 160.


(c:/texlive/2018/texmf-dist/tex/latex/base/omscmr.fd
File: omscmr.fd 2014/09/29 v2.5h Standard LaTeX font definitions
)
LaTeX Font Info:    Font shape `OMS/cmr/m/n' in size <8> not available
(Font)              Font shape `OMS/cmsy/m/n' tried instead on input line 160.
LaTeX Font Info:    Font shape `OMS/cmr/m/n' in size <6> not available
(Font)              Font shape `OMS/cmsy/m/n' tried instead on input line 160.
LaTeX Font Info:    Try loading font information for C70+rm on input line 160.

(c:/texlive/2018/texmf-dist/tex/latex/ctex/fd/c70rm.fd
File: c70rm.fd 2018/01/28 v2.4.12 Chinese font definition (CTEX)
)
LaTeX Font Info:    Try loading font information for C70+hei on input line 161.


(c:/texlive/2018/texmf-dist/tex/latex/zhmetrics/c70hei.fd
File: c70hei.fd 2009/09/23 4.8.2
) (./main.toc)
\tf@toc=\write4
\openout4 = `main.toc'.


(c:/texlive/2018/texmf-dist/tex/generic/ctex/zhwindowsfonts.tex
File: zhwindowsfonts.tex 2018/01/28 v2.4.12 Windows font map loader for pdfTeX 
and DVIPDFMx (CTEX)
) [1

]
(./ThesisFiles/part1.tex [2] [3] [4]
Overfull \hbox (5.51779pt too wide) in paragraph at lines 65--66
\OT1/cmr/bx/n/10.95 tributed ran-dom vari-able ranged in [0,1], and de-rive fro
m it the cdf(cumulative
 []

[5]
Package CJKpunct Info: punctuation spaces for family 'gbsn' do not exist. Use f
amily 'def' instead. on input line 119.
 [6]
Underfull \hbox (badness 10000) in paragraph at lines 144--149

 []

LaTeX Font Info:    Font shape `OMS/cmr/m/n' in size <10.95> not available
(Font)              Font shape `OMS/cmsy/m/n' tried instead on input line 153.
[7]
Underfull \hbox (badness 10000) in paragraph at lines 172--175

 []

[8] [9]
Package epstopdf Info: Source file: <Figure/3_5.eps>
(epstopdf)                    date: 2018-11-03 10:05:31
(epstopdf)                    size: 7248905 bytes
(epstopdf)             Output file: <Figure/3_5-eps-converted-to.pdf>
(epstopdf)                    date: 2018-11-03 10:06:19
(epstopdf)                    size: 69470 bytes
(epstopdf)             Command: <repstopdf --outfile=Figure/3_5-eps-converted-t
o.pdf Figure/3_5.eps>
(epstopdf)             \includegraphics on input line 205.
Package epstopdf Info: Output file is already uptodate.
<Figure/3_5-eps-converted-to.pdf, id=140, 199.74625pt x 111.41624pt>
File: Figure/3_5-eps-converted-to.pdf Graphic file (type pdf)
<use Figure/3_5-eps-converted-to.pdf>
Package pdftex.def Info: Figure/3_5-eps-converted-to.pdf  used on input line 20
5.
(pdftex.def)             Requested size: 250.27304pt x 139.60657pt.

Underfull \hbox (badness 10000) in paragraph at lines 202--215

 []

[10 <./Figure/3_5-eps-converted-to.pdf>] [11]
Package epstopdf Info: Source file: <Figure/w1_w2.eps>
(epstopdf)                    date: 2018-10-30 17:56:37
(epstopdf)                    size: 20406 bytes
(epstopdf)             Output file: <Figure/w1_w2-eps-converted-to.pdf>
(epstopdf)                    date: 2018-10-30 17:57:41
(epstopdf)                    size: 11819 bytes
(epstopdf)             Command: <repstopdf --outfile=Figure/w1_w2-eps-converted
-to.pdf Figure/w1_w2.eps>
(epstopdf)             \includegraphics on input line 295.
Package epstopdf Info: Output file is already uptodate.
<Figure/w1_w2-eps-converted-to.pdf, id=230, 433.62pt x 289.08pt>
File: Figure/w1_w2-eps-converted-to.pdf Graphic file (type pdf)
<use Figure/w1_w2-eps-converted-to.pdf>
Package pdftex.def Info: Figure/w1_w2-eps-converted-to.pdf  used on input line 
295.
(pdftex.def)             Requested size: 312.83812pt x 208.5697pt.
 [12 <./Figure/w1_w2-eps-converted-to.pdf>]
Package epstopdf Info: Source file: <Figure/w2_w3.eps>
(epstopdf)                    date: 2018-10-30 17:56:37
(epstopdf)                    size: 21190 bytes
(epstopdf)             Output file: <Figure/w2_w3-eps-converted-to.pdf>
(epstopdf)                    date: 2018-10-30 17:57:43
(epstopdf)                    size: 12286 bytes
(epstopdf)             Command: <repstopdf --outfile=Figure/w2_w3-eps-converted
-to.pdf Figure/w2_w3.eps>
(epstopdf)             \includegraphics on input line 322.
Package epstopdf Info: Output file is already uptodate.
<Figure/w2_w3-eps-converted-to.pdf, id=285, 433.62pt x 289.08pt>
File: Figure/w2_w3-eps-converted-to.pdf Graphic file (type pdf)
<use Figure/w2_w3-eps-converted-to.pdf>
Package pdftex.def Info: Figure/w2_w3-eps-converted-to.pdf  used on input line 
322.
(pdftex.def)             Requested size: 312.83812pt x 208.5697pt.
 [13 <./Figure/w2_w3-eps-converted-to.pdf>]
Package epstopdf Info: Source file: <Figure/3_6.eps>
(epstopdf)                    date: 2018-10-30 18:08:47
(epstopdf)                    size: 821099 bytes
(epstopdf)             Output file: <Figure/3_6-eps-converted-to.pdf>
(epstopdf)                    date: 2018-10-30 18:11:42
(epstopdf)                    size: 5981 bytes
(epstopdf)             Command: <repstopdf --outfile=Figure/3_6-eps-converted-t
o.pdf Figure/3_6.eps>
(epstopdf)             \includegraphics on input line 339.
Package epstopdf Info: Output file is already uptodate.
<Figure/3_6-eps-converted-to.pdf, id=324, 310.15875pt x 131.49126pt>
File: Figure/3_6-eps-converted-to.pdf Graphic file (type pdf)
<use Figure/3_6-eps-converted-to.pdf>
Package pdftex.def Info: Figure/3_6-eps-converted-to.pdf  used on input line 33
9.
(pdftex.def)             Requested size: 312.83812pt x 132.62653pt.
 [14 <./Figure/3_6-eps-converted-to.pdf>]
Package epstopdf Info: Source file: <Figure/separated.eps>
(epstopdf)                    date: 2018-11-04 11:45:12
(epstopdf)                    size: 27141 bytes
(epstopdf)             Output file: <Figure/separated-eps-converted-to.pdf>
(epstopdf)                    date: 2018-11-04 12:06:19
(epstopdf)                    size: 50294 bytes
(epstopdf)             Command: <repstopdf --outfile=Figure/separated-eps-conve
rted-to.pdf Figure/separated.eps>
(epstopdf)             \includegraphics on input line 376.
Package epstopdf Info: Output file is already uptodate.
<Figure/separated-eps-converted-to.pdf, id=356, 433.62pt x 289.08pt>
File: Figure/separated-eps-converted-to.pdf Graphic file (type pdf)
<use Figure/separated-eps-converted-to.pdf>
Package pdftex.def Info: Figure/separated-eps-converted-to.pdf  used on input l
ine 376.
(pdftex.def)             Requested size: 291.98096pt x 194.66182pt.

Underfull \hbox (badness 10000) in paragraph at lines 380--381

 []

[15 <./Figure/separated-eps-converted-to.pdf>] [16]
Package epstopdf Info: Source file: <Figure/Inseparated.eps>
(epstopdf)                    date: 2018-11-04 11:56:55
(epstopdf)                    size: 30377 bytes
(epstopdf)             Output file: <Figure/Inseparated-eps-converted-to.pdf>
(epstopdf)                    date: 2018-11-04 12:17:08
(epstopdf)                    size: 75200 bytes
(epstopdf)             Command: <repstopdf --outfile=Figure/Inseparated-eps-con
verted-to.pdf Figure/Inseparated.eps>
(epstopdf)             \includegraphics on input line 444.
Package epstopdf Info: Output file is already uptodate.
<Figure/Inseparated-eps-converted-to.pdf, id=446, 433.62pt x 289.08pt>
File: Figure/Inseparated-eps-converted-to.pdf Graphic file (type pdf)
<use Figure/Inseparated-eps-converted-to.pdf>
Package pdftex.def Info: Figure/Inseparated-eps-converted-to.pdf  used on input
 line 444.
(pdftex.def)             Requested size: 291.98096pt x 194.66182pt.
 [17 <./Figure/Inseparated-eps-converted-to.pdf>]
Package epstopdf Info: Source file: <Figure/4_1.eps>
(epstopdf)                    date: 2018-11-26 16:09:12
(epstopdf)                    size: 7893159 bytes
(epstopdf)             Output file: <Figure/4_1-eps-converted-to.pdf>
(epstopdf)                    date: 2018-11-26 16:09:51
(epstopdf)                    size: 70446 bytes
(epstopdf)             Command: <repstopdf --outfile=Figure/4_1-eps-converted-t
o.pdf Figure/4_1.eps>
(epstopdf)             \includegraphics on input line 458.
Package epstopdf Info: Output file is already uptodate.
<Figure/4_1-eps-converted-to.pdf, id=481, 91.34125pt x 148.555pt>
File: Figure/4_1-eps-converted-to.pdf Graphic file (type pdf)
<use Figure/4_1-eps-converted-to.pdf>
Package pdftex.def Info: Figure/4_1-eps-converted-to.pdf  used on input line 45
8.
(pdftex.def)             Requested size: 104.27937pt x 169.60605pt.

Underfull \hbox (badness 10000) in paragraph at lines 468--482

 []

<Figure/MLP.png, id=482, 1201.48875pt x 746.79pt>
File: Figure/MLP.png Graphic file (type png)
<use Figure/MLP.png>
Package pdftex.def Info: Figure/MLP.png  used on input line 486.
(pdftex.def)             Requested size: 250.27304pt x 155.55428pt.
[18 <./Figure/4_1-eps-converted-to.pdf>]
Underfull \hbox (badness 10000) in paragraph at lines 489--491

 []

[19 <./Figure/MLP.png>] [20]
Package epstopdf Info: Source file: <Figure/37.eps>
(epstopdf)                    date: 2018-11-27 18:28:59
(epstopdf)                    size: 265413 bytes
(epstopdf)             Output file: <Figure/37-eps-converted-to.pdf>
(epstopdf)                    date: 2018-11-27 18:29:25
(epstopdf)                    size: 21342 bytes
(epstopdf)             Command: <repstopdf --outfile=Figure/37-eps-converted-to
.pdf Figure/37.eps>
(epstopdf)             \includegraphics on input line 540.
Package epstopdf Info: Output file is already uptodate.
<Figure/37-eps-converted-to.pdf, id=520, 344.28625pt x 439.6425pt>
File: Figure/37-eps-converted-to.pdf Graphic file (type pdf)
<use Figure/37-eps-converted-to.pdf>
Package pdftex.def Info: Figure/37-eps-converted-to.pdf  used on input line 540
.
(pdftex.def)             Requested size: 333.69527pt x 426.11728pt.
 [21 <./Figure/37-eps-converted-to.pdf>]
Underfull \hbox (badness 10000) in paragraph at lines 548--551

 []


Underfull \hbox (badness 10000) in paragraph at lines 548--551

 []

File: Figure/MLP.png Graphic file (type png)
<use Figure/MLP.png>
Package pdftex.def Info: Figure/MLP.png  used on input line 554.
(pdftex.def)             Requested size: 250.27304pt x 155.55428pt.

Underfull \hbox (badness 10000) in paragraph at lines 556--557

 []

[22] [23]
Package epstopdf Info: Source file: <Figure/NoConverge.eps>
(epstopdf)                    date: 2018-11-30 12:26:15
(epstopdf)                    size: 18924 bytes
(epstopdf)             Output file: <Figure/NoConverge-eps-converted-to.pdf>
(epstopdf)                    date: 2018-11-30 12:26:45
(epstopdf)                    size: 10411 bytes
(epstopdf)             Command: <repstopdf --outfile=Figure/NoConverge-eps-conv
erted-to.pdf Figure/NoConverge.eps>
(epstopdf)             \includegraphics on input line 622.
Package epstopdf Info: Output file is already uptodate.
<Figure/NoConverge-eps-converted-to.pdf, id=620, 433.62pt x 289.08pt>
File: Figure/NoConverge-eps-converted-to.pdf Graphic file (type pdf)
<use Figure/NoConverge-eps-converted-to.pdf>
Package pdftex.def Info: Figure/NoConverge-eps-converted-to.pdf  used on input 
line 622.
(pdftex.def)             Requested size: 224.03743pt x 149.36086pt.

Overfull \hbox (15.47868pt too wide) in paragraph at lines 622--623
 [][] 
 []

Package epstopdf Info: Source file: <Figure/LocalOptimum.eps>
(epstopdf)                    date: 2018-11-30 12:24:49
(epstopdf)                    size: 19436 bytes
(epstopdf)             Output file: <Figure/LocalOptimum-eps-converted-to.pdf>
(epstopdf)                    date: 2018-11-30 12:25:11
(epstopdf)                    size: 10345 bytes
(epstopdf)             Command: <repstopdf --outfile=Figure/LocalOptimum-eps-co
nverted-to.pdf Figure/LocalOptimum.eps>
(epstopdf)             \includegraphics on input line 628.
Package epstopdf Info: Output file is already uptodate.
<Figure/LocalOptimum-eps-converted-to.pdf, id=621, 433.62pt x 289.08pt>
File: Figure/LocalOptimum-eps-converted-to.pdf Graphic file (type pdf)
<use Figure/LocalOptimum-eps-converted-to.pdf>
Package pdftex.def Info: Figure/LocalOptimum-eps-converted-to.pdf  used on inpu
t line 628.
(pdftex.def)             Requested size: 224.03743pt x 149.36086pt.

Overfull \hbox (15.47868pt too wide) in paragraph at lines 628--629
 [][] 
 []


Overfull \hbox (2.43333pt too wide) in paragraph at lines 620--630
[]$[]$ $[]$ 
 []

Package epstopdf Info: Source file: <Figure/SomeLocalOptimum.eps>
(epstopdf)                    date: 2018-11-30 12:22:01
(epstopdf)                    size: 21163 bytes
(epstopdf)             Output file: <Figure/SomeLocalOptimum-eps-converted-to.p
df>
(epstopdf)                    date: 2018-11-30 12:36:24
(epstopdf)                    size: 11876 bytes
(epstopdf)             Command: <repstopdf --outfile=Figure/SomeLocalOptimum-ep
s-converted-to.pdf Figure/SomeLocalOptimum.eps>
(epstopdf)             \includegraphics on input line 638.
Package epstopdf Info: Output file is already uptodate.
<Figure/SomeLocalOptimum-eps-converted-to.pdf, id=622, 433.62pt x 289.08pt>
File: Figure/SomeLocalOptimum-eps-converted-to.pdf Graphic file (type pdf)
<use Figure/SomeLocalOptimum-eps-converted-to.pdf>
Package pdftex.def Info: Figure/SomeLocalOptimum-eps-converted-to.pdf  used on 
input line 638.
(pdftex.def)             Requested size: 224.03743pt x 149.36086pt.

Overfull \hbox (15.47868pt too wide) in paragraph at lines 638--639
 [][] 
 []

Package epstopdf Info: Source file: <Figure/result.eps>
(epstopdf)                    date: 2018-11-30 12:22:17
(epstopdf)                    size: 21637 bytes
(epstopdf)             Output file: <Figure/result-eps-converted-to.pdf>
(epstopdf)                    date: 2018-11-30 12:36:26
(epstopdf)                    size: 11522 bytes
(epstopdf)             Command: <repstopdf --outfile=Figure/result-eps-converte
d-to.pdf Figure/result.eps>
(epstopdf)             \includegraphics on input line 644.
Package epstopdf Info: Output file is already uptodate.
<Figure/result-eps-converted-to.pdf, id=623, 433.62pt x 289.08pt>
File: Figure/result-eps-converted-to.pdf Graphic file (type pdf)
<use Figure/result-eps-converted-to.pdf>
Package pdftex.def Info: Figure/result-eps-converted-to.pdf  used on input line
 644.
(pdftex.def)             Requested size: 224.03743pt x 149.36086pt.

Overfull \hbox (15.47868pt too wide) in paragraph at lines 644--645
 [][] 
 []


Overfull \hbox (2.43333pt too wide) in paragraph at lines 636--646
[]$[]$ $[]$ 
 []


Underfull \hbox (badness 10000) in paragraph at lines 648--650

 []

[24 <./Figure/NoConverge-eps-converted-to.pdf> <./Figure/LocalOptimum-eps-conve
rted-to.pdf> <./Figure/SomeLocalOptimum-eps-converted-to.pdf> <./Figure/result-
eps-converted-to.pdf>]
Underfull \hbox (badness 10000) in paragraph at lines 661--663

 []


Underfull \hbox (badness 10000) in paragraph at lines 678--679

 []

[25]
Package epstopdf Info: Source file: <Figure/LocalOptimum2.eps>
(epstopdf)                    date: 2018-11-30 14:27:11
(epstopdf)                    size: 17722 bytes
(epstopdf)             Output file: <Figure/LocalOptimum2-eps-converted-to.pdf>

(epstopdf)                    date: 2018-11-30 14:36:40
(epstopdf)                    size: 10225 bytes
(epstopdf)             Command: <repstopdf --outfile=Figure/LocalOptimum2-eps-c
onverted-to.pdf Figure/LocalOptimum2.eps>
(epstopdf)             \includegraphics on input line 727.
Package epstopdf Info: Output file is already uptodate.
<Figure/LocalOptimum2-eps-converted-to.pdf, id=763, 433.62pt x 289.08pt>
File: Figure/LocalOptimum2-eps-converted-to.pdf Graphic file (type pdf)
<use Figure/LocalOptimum2-eps-converted-to.pdf>
Package pdftex.def Info: Figure/LocalOptimum2-eps-converted-to.pdf  used on inp
ut line 727.
(pdftex.def)             Requested size: 224.03743pt x 149.36086pt.

Overfull \hbox (15.47868pt too wide) in paragraph at lines 727--728
 [][] 
 []

Package epstopdf Info: Source file: <Figure/result2.eps>
(epstopdf)                    date: 2018-11-30 14:27:36
(epstopdf)                    size: 20319 bytes
(epstopdf)             Output file: <Figure/result2-eps-converted-to.pdf>
(epstopdf)                    date: 2018-11-30 14:36:42
(epstopdf)                    size: 10946 bytes
(epstopdf)             Command: <repstopdf --outfile=Figure/result2-eps-convert
ed-to.pdf Figure/result2.eps>
(epstopdf)             \includegraphics on input line 733.
Package epstopdf Info: Output file is already uptodate.
<Figure/result2-eps-converted-to.pdf, id=764, 433.62pt x 289.08pt>
File: Figure/result2-eps-converted-to.pdf Graphic file (type pdf)
<use Figure/result2-eps-converted-to.pdf>
Package pdftex.def Info: Figure/result2-eps-converted-to.pdf  used on input lin
e 733.
(pdftex.def)             Requested size: 224.03743pt x 149.36086pt.

Overfull \hbox (15.47868pt too wide) in paragraph at lines 733--734
 [][] 
 []


Overfull \hbox (2.43333pt too wide) in paragraph at lines 725--735
[]$[]$ $[]$ 
 []

[26 <./Figure/LocalOptimum2-eps-converted-to.pdf> <./Figure/result2-eps-convert
ed-to.pdf>] [27] [28]
Missing character: There is no  in font gbsnuff!
Missing character: There is no  in font gbsnuff!
Missing character: There is no  in font gbsnuff!

Underfull \hbox (badness 10000) in paragraph at lines 828--830

 []


Underfull \hbox (badness 10000) in paragraph at lines 841--842

 []

[29]
Overfull \hbox (3.85455pt too wide) detected at line 892
[]
 []

[30] [31] [32]
Missing character: There is no  in font gbsnuff!
Missing character: There is no  in font gbsnuff!
Missing character: There is no  in font gbsnuff!
 [33] [34] [35]
Package epstopdf Info: Source file: <Figure/SOM.eps>
(epstopdf)                    date: 2018-12-05 09:48:58
(epstopdf)                    size: 1123042 bytes
(epstopdf)             Output file: <Figure/SOM-eps-converted-to.pdf>
(epstopdf)                    date: 2018-12-05 09:49:49
(epstopdf)                    size: 260077 bytes
(epstopdf)             Command: <repstopdf --outfile=Figure/SOM-eps-converted-t
o.pdf Figure/SOM.eps>
(epstopdf)             \includegraphics on input line 1084.
Package epstopdf Info: Output file is already uptodate.
<Figure/SOM-eps-converted-to.pdf, id=976, 455.7025pt x 354.32375pt>
File: Figure/SOM-eps-converted-to.pdf Graphic file (type pdf)
<use Figure/SOM-eps-converted-to.pdf>
Package pdftex.def Info: Figure/SOM-eps-converted-to.pdf  used on input line 10
84.
(pdftex.def)             Requested size: 417.1175pt x 324.3274pt.
 [36 <./Figure/SOM-eps-converted-to.pdf>]
Package epstopdf Info: Source file: <Figure/99.eps>
(epstopdf)                    date: 2018-12-05 10:11:26
(epstopdf)                    size: 1779056 bytes
(epstopdf)             Output file: <Figure/99-eps-converted-to.pdf>
(epstopdf)                    date: 2018-12-05 10:12:28
(epstopdf)                    size: 46366 bytes
(epstopdf)             Command: <repstopdf --outfile=Figure/99-eps-converted-to
.pdf Figure/99.eps>
(epstopdf)             \includegraphics on input line 1098.
Package epstopdf Info: Output file is already uptodate.
<Figure/99-eps-converted-to.pdf, id=999, 216.81pt x 100.375pt>
File: Figure/99-eps-converted-to.pdf Graphic file (type pdf)
<use Figure/99-eps-converted-to.pdf>
Package pdftex.def Info: Figure/99-eps-converted-to.pdf  used on input line 109
8.
(pdftex.def)             Requested size: 208.55875pt x 96.55952pt.
Package epstopdf Info: Source file: <Figure/data.eps>
(epstopdf)                    date: 2018-12-06 12:37:27
(epstopdf)                    size: 41753 bytes
(epstopdf)             Output file: <Figure/data-eps-converted-to.pdf>
(epstopdf)                    date: 2018-12-06 12:38:13
(epstopdf)                    size: 218408 bytes
(epstopdf)             Command: <repstopdf --outfile=Figure/data-eps-converted-
to.pdf Figure/data.eps>
(epstopdf)             \includegraphics on input line 1107.
Package epstopdf Info: Output file is already uptodate.
<Figure/data-eps-converted-to.pdf, id=1000, 578.16pt x 289.08pt>
File: Figure/data-eps-converted-to.pdf Graphic file (type pdf)
<use Figure/data-eps-converted-to.pdf>
Package pdftex.def Info: Figure/data-eps-converted-to.pdf  used on input line 1
107.
(pdftex.def)             Requested size: 250.27304pt x 125.13565pt.
Package epstopdf Info: Source file: <Figure/polar.eps>
(epstopdf)                    date: 2018-12-06 12:40:19
(epstopdf)                    size: 58727 bytes
(epstopdf)             Output file: <Figure/polar-eps-converted-to.pdf>
(epstopdf)                    date: 2018-12-06 13:14:41
(epstopdf)                    size: 223872 bytes
(epstopdf)             Command: <repstopdf --outfile=Figure/polar-eps-converted
-to.pdf Figure/polar.eps>
(epstopdf)             \includegraphics on input line 1114.
Package epstopdf Info: Output file is already uptodate.
<Figure/polar-eps-converted-to.pdf, id=1001, 433.62pt x 289.08pt>
File: Figure/polar-eps-converted-to.pdf Graphic file (type pdf)
<use Figure/polar-eps-converted-to.pdf>
Package pdftex.def Info: Figure/polar-eps-converted-to.pdf  used on input line 
1114.
(pdftex.def)             Requested size: 250.27304pt x 166.85048pt.
 [37 <./Figure/99-eps-converted-to.pdf> <./Figure/data-eps-converted-to.pdf> <.
/Figure/polar-eps-converted-to.pdf>]
Package epstopdf Info: Source file: <Figure/initialization.eps>
(epstopdf)                    date: 2018-12-06 13:18:28
(epstopdf)                    size: 58644 bytes
(epstopdf)             Output file: <Figure/initialization-eps-converted-to.pdf
>
(epstopdf)                    date: 2018-12-06 13:38:45
(epstopdf)                    size: 213902 bytes
(epstopdf)             Command: <repstopdf --outfile=Figure/initialization-eps-
converted-to.pdf Figure/initialization.eps>
(epstopdf)             \includegraphics on input line 1124.
Package epstopdf Info: Output file is already uptodate.
<Figure/initialization-eps-converted-to.pdf, id=1049, 433.62pt x 289.08pt>
File: Figure/initialization-eps-converted-to.pdf Graphic file (type pdf)
<use Figure/initialization-eps-converted-to.pdf>
Package pdftex.def Info: Figure/initialization-eps-converted-to.pdf  used on in
put line 1124.
(pdftex.def)             Requested size: 252.94499pt x 168.63252pt.

Overfull \hbox (44.38625pt too wide) in paragraph at lines 1124--1125
 [][] 
 []

Package epstopdf Info: Source file: <Figure/20.eps>
(epstopdf)                    date: 2018-12-06 13:18:53
(epstopdf)                    size: 60376 bytes
(epstopdf)             Output file: <Figure/20-eps-converted-to.pdf>
(epstopdf)                    date: 2018-12-06 13:40:46
(epstopdf)                    size: 226514 bytes
(epstopdf)             Command: <repstopdf --outfile=Figure/20-eps-converted-to
.pdf Figure/20.eps>
(epstopdf)             \includegraphics on input line 1130.
Package epstopdf Info: Output file is already uptodate.
<Figure/20-eps-converted-to.pdf, id=1050, 433.62pt x 289.08pt>
File: Figure/20-eps-converted-to.pdf Graphic file (type pdf)
<use Figure/20-eps-converted-to.pdf>
Package pdftex.def Info: Figure/20-eps-converted-to.pdf  used on input line 113
0.
(pdftex.def)             Requested size: 252.94499pt x 168.63252pt.

Overfull \hbox (44.38625pt too wide) in paragraph at lines 1130--1131
 [][] 
 []


Overfull \hbox (2.43333pt too wide) in paragraph at lines 1122--1132
[]$[]$ $[]$ 
 []

Package epstopdf Info: Source file: <Figure/1000.eps>
(epstopdf)                    date: 2018-12-06 13:21:35
(epstopdf)                    size: 59017 bytes
(epstopdf)             Output file: <Figure/1000-eps-converted-to.pdf>
(epstopdf)                    date: 2018-12-06 13:40:51
(epstopdf)                    size: 217145 bytes
(epstopdf)             Command: <repstopdf --outfile=Figure/1000-eps-converted-
to.pdf Figure/1000.eps>
(epstopdf)             \includegraphics on input line 1138.
Package epstopdf Info: Output file is already uptodate.
<Figure/1000-eps-converted-to.pdf, id=1051, 433.62pt x 289.08pt>
File: Figure/1000-eps-converted-to.pdf Graphic file (type pdf)
<use Figure/1000-eps-converted-to.pdf>
Package pdftex.def Info: Figure/1000-eps-converted-to.pdf  used on input line 1
138.
(pdftex.def)             Requested size: 252.94499pt x 168.63252pt.

Overfull \hbox (44.38625pt too wide) in paragraph at lines 1138--1139
 [][] 
 []

Package epstopdf Info: Source file: <Figure/30000.eps>
(epstopdf)                    date: 2018-12-06 13:23:55
(epstopdf)                    size: 58127 bytes
(epstopdf)             Output file: <Figure/30000-eps-converted-to.pdf>
(epstopdf)                    date: 2018-12-06 13:41:23
(epstopdf)                    size: 210214 bytes
(epstopdf)             Command: <repstopdf --outfile=Figure/30000-eps-converted
-to.pdf Figure/30000.eps>
(epstopdf)             \includegraphics on input line 1144.
Package epstopdf Info: Output file is already uptodate.
<Figure/30000-eps-converted-to.pdf, id=1052, 433.62pt x 289.08pt>
File: Figure/30000-eps-converted-to.pdf Graphic file (type pdf)
<use Figure/30000-eps-converted-to.pdf>
Package pdftex.def Info: Figure/30000-eps-converted-to.pdf  used on input line 
1144.
(pdftex.def)             Requested size: 252.94499pt x 168.63252pt.

Overfull \hbox (44.38625pt too wide) in paragraph at lines 1144--1145
 [][] 
 []


Overfull \hbox (2.43333pt too wide) in paragraph at lines 1136--1146
[]$[]$ $[]$ 
 []

Package epstopdf Info: Source file: <Figure/25000.eps>
(epstopdf)                    date: 2018-12-06 13:22:44
(epstopdf)                    size: 59843 bytes
(epstopdf)             Output file: <Figure/25000-eps-converted-to.pdf>
(epstopdf)                    date: 2018-12-06 13:41:20
(epstopdf)                    size: 222874 bytes
(epstopdf)             Command: <repstopdf --outfile=Figure/25000-eps-converted
-to.pdf Figure/25000.eps>
(epstopdf)             \includegraphics on input line 1152.
Package epstopdf Info: Output file is already uptodate.
<Figure/25000-eps-converted-to.pdf, id=1053, 433.62pt x 289.08pt>
File: Figure/25000-eps-converted-to.pdf Graphic file (type pdf)
<use Figure/25000-eps-converted-to.pdf>
Package pdftex.def Info: Figure/25000-eps-converted-to.pdf  used on input line 
1152.
(pdftex.def)             Requested size: 252.94499pt x 168.63252pt.

Overfull \hbox (44.38625pt too wide) in paragraph at lines 1152--1153
 [][] 
 []

Package epstopdf Info: Source file: <Figure/40000.eps>
(epstopdf)                    date: 2018-12-06 13:35:15
(epstopdf)                    size: 59983 bytes
(epstopdf)             Output file: <Figure/40000-eps-converted-to.pdf>
(epstopdf)                    date: 2018-12-06 13:41:25
(epstopdf)                    size: 223453 bytes
(epstopdf)             Command: <repstopdf --outfile=Figure/40000-eps-converted
-to.pdf Figure/40000.eps>
(epstopdf)             \includegraphics on input line 1158.
Package epstopdf Info: Output file is already uptodate.
<Figure/40000-eps-converted-to.pdf, id=1054, 433.62pt x 289.08pt>
File: Figure/40000-eps-converted-to.pdf Graphic file (type pdf)
<use Figure/40000-eps-converted-to.pdf>
Package pdftex.def Info: Figure/40000-eps-converted-to.pdf  used on input line 
1158.
(pdftex.def)             Requested size: 252.94499pt x 168.63252pt.

Overfull \hbox (44.38625pt too wide) in paragraph at lines 1158--1159
 [][] 
 []


Overfull \hbox (2.43333pt too wide) in paragraph at lines 1150--1160
[]$[]$ $[]$ 
 []

<Figure/1.png, id=1055, 397.485pt x 362.35374pt>
File: Figure/1.png Graphic file (type png)
<use Figure/1.png>
Package pdftex.def Info: Figure/1.png  used on input line 1169.
(pdftex.def)             Requested size: 208.55875pt x 190.12798pt.
[38 <./Figure/initialization-eps-converted-to.pdf> <./Figure/20-eps-converted-t
o.pdf> <./Figure/1000-eps-converted-to.pdf> <./Figure/30000-eps-converted-to.pd
f> <./Figure/25000-eps-converted-to.pdf> <./Figure/40000-eps-converted-to.pdf>]
<Figure/3.png, id=1156, 376.40625pt x 362.35374pt>
File: Figure/3.png Graphic file (type png)
<use Figure/3.png>
Package pdftex.def Info: Figure/3.png  used on input line 1174.
(pdftex.def)             Requested size: 208.55875pt x 200.77696pt.
[39 <./Figure/1.png> <./Figure/3.png>]
Underfull \hbox (badness 10000) in paragraph at lines 1187--1240

 []

Package epstopdf Info: Source file: <Figure/data1.eps>
(epstopdf)                    date: 2018-12-06 16:25:18
(epstopdf)                    size: 27001 bytes
(epstopdf)             Output file: <Figure/data1-eps-converted-to.pdf>
(epstopdf)                    date: 2018-12-06 16:36:57
(epstopdf)                    size: 10486 bytes
(epstopdf)             Command: <repstopdf --outfile=Figure/data1-eps-converted
-to.pdf Figure/data1.eps>
(epstopdf)             \includegraphics on input line 1246.
Package epstopdf Info: Output file is already uptodate.
<Figure/data1-eps-converted-to.pdf, id=1163, 433.62pt x 289.08pt>
File: Figure/data1-eps-converted-to.pdf Graphic file (type pdf)
<use Figure/data1-eps-converted-to.pdf>
Package pdftex.def Info: Figure/data1-eps-converted-to.pdf  used on input line 
1246.
(pdftex.def)             Requested size: 216.81pt x 144.53964pt.

Overfull \hbox (8.25125pt too wide) in paragraph at lines 1246--1247
 [][] 
 []

Package epstopdf Info: Source file: <Figure/2_1.eps>
(epstopdf)                    date: 2018-12-06 16:25:52
(epstopdf)                    size: 27155 bytes
(epstopdf)             Output file: <Figure/2_1-eps-converted-to.pdf>
(epstopdf)                    date: 2018-12-06 16:41:35
(epstopdf)                    size: 10509 bytes
(epstopdf)             Command: <repstopdf --outfile=Figure/2_1-eps-converted-t
o.pdf Figure/2_1.eps>
(epstopdf)             \includegraphics on input line 1252.
Package epstopdf Info: Output file is already uptodate.
<Figure/2_1-eps-converted-to.pdf, id=1164, 433.62pt x 289.08pt>
File: Figure/2_1-eps-converted-to.pdf Graphic file (type pdf)
<use Figure/2_1-eps-converted-to.pdf>
Package pdftex.def Info: Figure/2_1-eps-converted-to.pdf  used on input line 12
52.
(pdftex.def)             Requested size: 216.81pt x 144.53964pt.

Overfull \hbox (8.25125pt too wide) in paragraph at lines 1252--1253
 [][] 
 []


Overfull \hbox (2.43333pt too wide) in paragraph at lines 1244--1254
[]$[]$ $[]$ 
 []

[40 <./Figure/data1-eps-converted-to.pdf> <./Figure/2_1-eps-converted-to.pdf>]
Package epstopdf Info: Source file: <Figure/3_1_1000.eps>
(epstopdf)                    date: 2018-12-06 16:31:37
(epstopdf)                    size: 27191 bytes
(epstopdf)             Output file: <Figure/3_1_1000-eps-converted-to.pdf>
(epstopdf)                    date: 2018-12-06 16:50:47
(epstopdf)                    size: 10523 bytes
(epstopdf)             Command: <repstopdf --outfile=Figure/3_1_1000-eps-conver
ted-to.pdf Figure/3_1_1000.eps>
(epstopdf)             \includegraphics on input line 1266.
Package epstopdf Info: Output file is already uptodate.
<Figure/3_1_1000-eps-converted-to.pdf, id=1201, 433.62pt x 289.08pt>
File: Figure/3_1_1000-eps-converted-to.pdf Graphic file (type pdf)
<use Figure/3_1_1000-eps-converted-to.pdf>
Package pdftex.def Info: Figure/3_1_1000-eps-converted-to.pdf  used on input li
ne 1266.
(pdftex.def)             Requested size: 216.81pt x 144.53964pt.

Overfull \hbox (8.25125pt too wide) in paragraph at lines 1266--1267
 [][] 
 []

Package epstopdf Info: Source file: <Figure/3_1_10000.eps>
(epstopdf)                    date: 2018-12-06 16:31:54
(epstopdf)                    size: 27223 bytes
(epstopdf)             Output file: <Figure/3_1_10000-eps-converted-to.pdf>
(epstopdf)                    date: 2018-12-06 16:50:49
(epstopdf)                    size: 10521 bytes
(epstopdf)             Command: <repstopdf --outfile=Figure/3_1_10000-eps-conve
rted-to.pdf Figure/3_1_10000.eps>
(epstopdf)             \includegraphics on input line 1272.
Package epstopdf Info: Output file is already uptodate.
<Figure/3_1_10000-eps-converted-to.pdf, id=1202, 433.62pt x 289.08pt>
File: Figure/3_1_10000-eps-converted-to.pdf Graphic file (type pdf)
<use Figure/3_1_10000-eps-converted-to.pdf>
Package pdftex.def Info: Figure/3_1_10000-eps-converted-to.pdf  used on input l
ine 1272.
(pdftex.def)             Requested size: 216.81pt x 144.53964pt.

Overfull \hbox (8.25125pt too wide) in paragraph at lines 1272--1273
 [][] 
 []


Overfull \hbox (2.43333pt too wide) in paragraph at lines 1264--1274
[]$[]$ $[]$ 
 []

Package epstopdf Info: Source file: <Figure/4_2_1.eps>
(epstopdf)                    date: 2018-12-06 17:12:06
(epstopdf)                    size: 27249 bytes
(epstopdf)             Output file: <Figure/4_2_1-eps-converted-to.pdf>
(epstopdf)                    date: 2018-12-06 17:14:04
(epstopdf)                    size: 10577 bytes
(epstopdf)             Command: <repstopdf --outfile=Figure/4_2_1-eps-converted
-to.pdf Figure/4_2_1.eps>
(epstopdf)             \includegraphics on input line 1282.
Package epstopdf Info: Output file is already uptodate.
<Figure/4_2_1-eps-converted-to.pdf, id=1203, 433.62pt x 289.08pt>
File: Figure/4_2_1-eps-converted-to.pdf Graphic file (type pdf)
<use Figure/4_2_1-eps-converted-to.pdf>
Package pdftex.def Info: Figure/4_2_1-eps-converted-to.pdf  used on input line 
1282.
(pdftex.def)             Requested size: 216.81pt x 144.53964pt.

Overfull \hbox (8.25125pt too wide) in paragraph at lines 1282--1283
 [][] 
 []

Package epstopdf Info: Source file: <Figure/4_2_10.eps>
(epstopdf)                    date: 2018-12-06 17:12:17
(epstopdf)                    size: 27296 bytes
(epstopdf)             Output file: <Figure/4_2_10-eps-converted-to.pdf>
(epstopdf)                    date: 2018-12-06 17:14:07
(epstopdf)                    size: 10573 bytes
(epstopdf)             Command: <repstopdf --outfile=Figure/4_2_10-eps-converte
d-to.pdf Figure/4_2_10.eps>
(epstopdf)             \includegraphics on input line 1288.
Package epstopdf Info: Output file is already uptodate.
<Figure/4_2_10-eps-converted-to.pdf, id=1204, 433.62pt x 289.08pt>
File: Figure/4_2_10-eps-converted-to.pdf Graphic file (type pdf)
<use Figure/4_2_10-eps-converted-to.pdf>
Package pdftex.def Info: Figure/4_2_10-eps-converted-to.pdf  used on input line
 1288.
(pdftex.def)             Requested size: 216.81pt x 144.53964pt.

Overfull \hbox (8.25125pt too wide) in paragraph at lines 1288--1289
 [][] 
 []


Overfull \hbox (2.43333pt too wide) in paragraph at lines 1280--1290
[]$[]$ $[]$ 
 []

Package epstopdf Info: Source file: <Figure/4_2_100.eps>
(epstopdf)                    date: 2018-12-06 17:12:27
(epstopdf)                    size: 27374 bytes
(epstopdf)             Output file: <Figure/4_2_100-eps-converted-to.pdf>
(epstopdf)                    date: 2018-12-06 17:14:09
(epstopdf)                    size: 10587 bytes
(epstopdf)             Command: <repstopdf --outfile=Figure/4_2_100-eps-convert
ed-to.pdf Figure/4_2_100.eps>
(epstopdf)             \includegraphics on input line 1295.
Package epstopdf Info: Output file is already uptodate.
<Figure/4_2_100-eps-converted-to.pdf, id=1205, 433.62pt x 289.08pt>
File: Figure/4_2_100-eps-converted-to.pdf Graphic file (type pdf)
<use Figure/4_2_100-eps-converted-to.pdf>
Package pdftex.def Info: Figure/4_2_100-eps-converted-to.pdf  used on input lin
e 1295.
(pdftex.def)             Requested size: 216.81pt x 144.53964pt.

Overfull \hbox (8.25125pt too wide) in paragraph at lines 1295--1296
 [][] 
 []

Package epstopdf Info: Source file: <Figure/4_2_1000.eps>
(epstopdf)                    date: 2018-12-06 17:12:37
(epstopdf)                    size: 27312 bytes
(epstopdf)             Output file: <Figure/4_2_1000-eps-converted-to.pdf>
(epstopdf)                    date: 2018-12-06 17:14:11
(epstopdf)                    size: 10585 bytes
(epstopdf)             Command: <repstopdf --outfile=Figure/4_2_1000-eps-conver
ted-to.pdf Figure/4_2_1000.eps>
(epstopdf)             \includegraphics on input line 1301.
Package epstopdf Info: Output file is already uptodate.
<Figure/4_2_1000-eps-converted-to.pdf, id=1206, 433.62pt x 289.08pt>
File: Figure/4_2_1000-eps-converted-to.pdf Graphic file (type pdf)
<use Figure/4_2_1000-eps-converted-to.pdf>
Package pdftex.def Info: Figure/4_2_1000-eps-converted-to.pdf  used on input li
ne 1301.
(pdftex.def)             Requested size: 216.81pt x 144.53964pt.

Overfull \hbox (8.25125pt too wide) in paragraph at lines 1301--1302
 [][] 
 []


Overfull \hbox (2.43333pt too wide) in paragraph at lines 1293--1303
[]$[]$ $[]$ 
 []

[41 <./Figure/3_1_1000-eps-converted-to.pdf> <./Figure/3_1_10000-eps-converted-
to.pdf> <./Figure/4_2_1-eps-converted-to.pdf> <./Figure/4_2_10-eps-converted-to
.pdf> <./Figure/4_2_100-eps-converted-to.pdf> <./Figure/4_2_1000-eps-converted-
to.pdf>])
Package atveryend Info: Empty hook `BeforeClearDocument' on input line 170.
 [42]
Package atveryend Info: Empty hook `AfterLastShipout' on input line 170.
 (./main.aux)
Package atveryend Info: Executing hook `AtVeryEndDocument' on input line 170.
Package atveryend Info: Executing hook `AtEndAfterFileList' on input line 170.
Package rerunfilecheck Info: File `main.out' has not changed.
(rerunfilecheck)             Checksum: 25554D78823E70135C786CF7994E51D0;1728.
Package atveryend Info: Empty hook `AtVeryVeryEnd' on input line 170.
 ) 
Here is how much of TeX's memory you used:
 24690 strings out of 492649
 425078 string characters out of 6133384
 578934 words of memory out of 5000000
 27776 multiletter control sequences out of 15000+600000
 547767 words of font info for 91 fonts, out of 8000000 for 9000
 1141 hyphenation exceptions out of 8191
 41i,16n,56p,10460b,2111s stack positions out of 5000i,500n,10000p,200000b,80000s
<c:/Windows/Fonts/simsun.ttc><c:/Windows/Fonts/simsun.ttc><c:/Windows/Fonts/s
imsun.ttc><c:/Windows/Fonts/simsun.ttc><c:/Windows/Fonts/simhei.ttf><c:/Windows
/Fonts/simhei.ttf><c:/texlive/2018/texmf-dist/fonts/type1/public/amsfonts/cm/cm
bx10.pfb><c:/texlive/2018/texmf-dist/fonts/type1/public/amsfonts/cm/cmex10.pfb>
<c:/texlive/2018/texmf-dist/fonts/type1/public/amsfonts/cm/cmmi10.pfb><c:/texli
ve/2018/texmf-dist/fonts/type1/public/amsfonts/cm/cmmi6.pfb><c:/texlive/2018/te
xmf-dist/fonts/type1/public/amsfonts/cm/cmmi7.pfb><c:/texlive/2018/texmf-dist/f
onts/type1/public/amsfonts/cm/cmmi8.pfb><c:/texlive/2018/texmf-dist/fonts/type1
/public/amsfonts/cm/cmr10.pfb><c:/texlive/2018/texmf-dist/fonts/type1/public/am
sfonts/cm/cmr12.pfb><c:/texlive/2018/texmf-dist/fonts/type1/public/amsfonts/cm/
cmr6.pfb><c:/texlive/2018/texmf-dist/fonts/type1/public/amsfonts/cm/cmr7.pfb><c
:/texlive/2018/texmf-dist/fonts/type1/public/amsfonts/cm/cmr8.pfb><c:/texlive/2
018/texmf-dist/fonts/type1/public/amsfonts/cm/cmr9.pfb><c:/texlive/2018/texmf-d
ist/fonts/type1/public/amsfonts/cm/cmsy10.pfb><c:/texlive/2018/texmf-dist/fonts
/type1/public/amsfonts/cm/cmsy6.pfb><c:/texlive/2018/texmf-dist/fonts/type1/pub
lic/amsfonts/cm/cmsy7.pfb><c:/texlive/2018/texmf-dist/fonts/type1/public/amsfon
ts/cm/cmsy8.pfb><c:/texlive/2018/texmf-dist/fonts/type1/public/amsfonts/cm/cmtt
10.pfb><c:/texlive/2018/texmf-dist/fonts/type1/arphic/gbsnu/gbsnu20.pfb><c:/tex
live/2018/texmf-dist/fonts/type1/arphic/gbsnu/gbsnu4e.pfb><c:/texlive/2018/texm
f-dist/fonts/type1/arphic/gbsnu/gbsnu51.pfb><c:/texlive/2018/texmf-dist/fonts/t
ype1/arphic/gbsnu/gbsnu54.pfb><c:/texlive/2018/texmf-dist/fonts/type1/arphic/gb
snu/gbsnu56.pfb><c:/texlive/2018/texmf-dist/fonts/type1/arphic/gbsnu/gbsnu59.pf
b><c:/texlive/2018/texmf-dist/fonts/type1/arphic/gbsnu/gbsnu5b.pfb><c:/texlive/
2018/texmf-dist/fonts/type1/arphic/gbsnu/gbsnu5e.pfb><c:/texlive/2018/texmf-dis
t/fonts/type1/arphic/gbsnu/gbsnu62.pfb><c:/texlive/2018/texmf-dist/fonts/type1/
arphic/gbsnu/gbsnu67.pfb><c:/texlive/2018/texmf-dist/fonts/type1/arphic/gbsnu/g
bsnu75.pfb><c:/texlive/2018/texmf-dist/fonts/type1/arphic/gbsnu/gbsnu79.pfb><c:
/texlive/2018/texmf-dist/fonts/type1/arphic/gbsnu/gbsnu7b.pfb><c:/texlive/2018/
texmf-dist/fonts/type1/arphic/gbsnu/gbsnu89.pfb><c:/texlive/2018/texmf-dist/fon
ts/type1/arphic/gbsnu/gbsnu8b.pfb><c:/texlive/2018/texmf-dist/fonts/type1/arphi
c/gbsnu/gbsnu96.pfb><c:/texlive/2018/texmf-dist/fonts/type1/arphic/gbsnu/gbsnuf
f.pfb><c:/texlive/2018/texmf-dist/fonts/type1/public/amsfonts/symbols/msam10.pf
b><c:/texlive/2018/texmf-dist/fonts/type1/public/amsfonts/symbols/msbm10.pfb>
Output written on main.pdf (42 pages, 3237202 bytes).
PDF statistics:
 1519 PDF objects out of 1728 (max. 8388607)
 938 compressed objects within 10 object streams
 407 named destinations out of 1000 (max. 500000)
 320 words of extra memory for PDF output out of 10000 (max. 10000000)

